{"C:\\Users\\Виталий\\Desktop\\AJS6-1\\dist\\sort.js": {"path":"C:\\Users\\Виталий\\Desktop\\AJS6-1\\dist\\sort.js","statementMap":{"0":{"start":{"line":3,"column":0},"end":{"line":5,"column":3}},"1":{"start":{"line":6,"column":0},"end":{"line":6,"column":34}},"2":{"start":{"line":9,"column":12},"end":{"line":9,"column":14}},"3":{"start":{"line":10,"column":12},"end":{"line":10,"column":14}},"4":{"start":{"line":11,"column":2},"end":{"line":16,"column":5}},"5":{"start":{"line":12,"column":4},"end":{"line":15,"column":7}},"6":{"start":{"line":18,"column":2},"end":{"line":25,"column":3}},"7":{"start":{"line":19,"column":4},"end":{"line":24,"column":5}},"8":{"start":{"line":20,"column":6},"end":{"line":23,"column":9}},"9":{"start":{"line":27,"column":2},"end":{"line":29,"column":5}},"10":{"start":{"line":28,"column":4},"end":{"line":28,"column":34}},"11":{"start":{"line":30,"column":2},"end":{"line":30,"column":25}}},"fnMap":{"0":{"name":"orderByProps","decl":{"start":{"line":8,"column":9},"end":{"line":8,"column":21}},"loc":{"start":{"line":8,"column":34},"end":{"line":31,"column":1}},"line":8},"1":{"name":"(anonymous_1)","decl":{"start":{"line":11,"column":16},"end":{"line":11,"column":17}},"loc":{"start":{"line":11,"column":32},"end":{"line":16,"column":3}},"line":11},"2":{"name":"(anonymous_2)","decl":{"start":{"line":27,"column":11},"end":{"line":27,"column":12}},"loc":{"start":{"line":27,"column":27},"end":{"line":29,"column":3}},"line":27}},"branchMap":{"0":{"loc":{"start":{"line":19,"column":4},"end":{"line":24,"column":5}},"type":"if","locations":[{"start":{"line":19,"column":4},"end":{"line":24,"column":5}},{"start":{},"end":{}}],"line":19},"1":{"loc":{"start":{"line":28,"column":11},"end":{"line":28,"column":33}},"type":"cond-expr","locations":[{"start":{"line":28,"column":27},"end":{"line":28,"column":28}},{"start":{"line":28,"column":31},"end":{"line":28,"column":33}}],"line":28}},"s":{"0":1,"1":1,"2":1,"3":1,"4":1,"5":2,"6":1,"7":5,"8":3,"9":1,"10":4,"11":1},"f":{"0":1,"1":2,"2":4},"b":{"0":[3,2],"1":[2,2]},"_coverageSchema":"1a1c01bbd47fc00a2c39e90264f33305004495a9","hash":"84563630b461448b4527b4f025bb598203e63bfb"}
,"C:\\Users\\Виталий\\Desktop\\AJS6-1\\src\\sort.js": {"path":"C:\\Users\\Виталий\\Desktop\\AJS6-1\\src\\sort.js","statementMap":{"0":{"start":{"line":2,"column":14},"end":{"line":2,"column":16}},"1":{"start":{"line":3,"column":14},"end":{"line":3,"column":16}},"2":{"start":{"line":5,"column":2},"end":{"line":7,"column":5}},"3":{"start":{"line":6,"column":4},"end":{"line":6,"column":46}},"4":{"start":{"line":8,"column":2},"end":{"line":12,"column":3}},"5":{"start":{"line":9,"column":4},"end":{"line":11,"column":5}},"6":{"start":{"line":10,"column":6},"end":{"line":10,"column":48}},"7":{"start":{"line":13,"column":2},"end":{"line":13,"column":49}},"8":{"start":{"line":13,"column":22},"end":{"line":13,"column":46}},"9":{"start":{"line":15,"column":2},"end":{"line":15,"column":25}}},"fnMap":{"0":{"name":"orderByProps","decl":{"start":{"line":1,"column":24},"end":{"line":1,"column":36}},"loc":{"start":{"line":1,"column":49},"end":{"line":16,"column":1}},"line":1},"1":{"name":"(anonymous_1)","decl":{"start":{"line":5,"column":16},"end":{"line":5,"column":17}},"loc":{"start":{"line":5,"column":26},"end":{"line":7,"column":3}},"line":5},"2":{"name":"(anonymous_2)","decl":{"start":{"line":13,"column":11},"end":{"line":13,"column":12}},"loc":{"start":{"line":13,"column":22},"end":{"line":13,"column":46}},"line":13}},"branchMap":{"0":{"loc":{"start":{"line":9,"column":4},"end":{"line":11,"column":5}},"type":"if","locations":[{"start":{"line":9,"column":4},"end":{"line":11,"column":5}},{"start":{},"end":{}}],"line":9},"1":{"loc":{"start":{"line":13,"column":22},"end":{"line":13,"column":46}},"type":"cond-expr","locations":[{"start":{"line":13,"column":40},"end":{"line":13,"column":41}},{"start":{"line":13,"column":44},"end":{"line":13,"column":46}}],"line":13}},"s":{"0":1,"1":1,"2":1,"3":2,"4":1,"5":5,"6":3,"7":1,"8":4,"9":1},"f":{"0":1,"1":2,"2":4},"b":{"0":[3,2],"1":[2,2]},"_coverageSchema":"1a1c01bbd47fc00a2c39e90264f33305004495a9","hash":"00150652edfbab62421a84fe2b0faca481458891"}
}
