TN:
SF:dist\sort.js
FN:8,orderByProps
FN:11,(anonymous_1)
FN:27,(anonymous_2)
FNF:3
FNH:3
FNDA:1,orderByProps
FNDA:2,(anonymous_1)
FNDA:4,(anonymous_2)
DA:3,1
DA:6,1
DA:9,1
DA:10,1
DA:11,1
DA:12,2
DA:18,1
DA:19,5
DA:20,3
DA:27,1
DA:28,4
DA:30,1
LF:12
LH:12
BRDA:19,0,0,3
BRDA:19,0,1,2
BRDA:28,1,0,2
BRDA:28,1,1,2
BRF:4
BRH:4
end_of_record
TN:
SF:src\sort.js
FN:1,orderByProps
FN:5,(anonymous_1)
FN:13,(anonymous_2)
FNF:3
FNH:3
FNDA:1,orderByProps
FNDA:2,(anonymous_1)
FNDA:4,(anonymous_2)
DA:2,1
DA:3,1
DA:5,1
DA:6,2
DA:8,1
DA:9,5
DA:10,3
DA:13,4
DA:15,1
LF:9
LH:9
BRDA:9,0,0,3
BRDA:9,0,1,2
BRDA:13,1,0,2
BRDA:13,1,1,2
BRF:4
BRH:4
end_of_record
